104 893.31 3907701.94 3682701.94	44139.78
111 2014.74 8530841.05 8305841.05	489891.39
111 2205.78 9318431.66 9093431.66	818382.67
117 3046.23 12783226.44 12558226.44	3799956.84
121 1255.41 5400493.16 5175493.16	56619.15
125 653.7 2919913.73 2694913.73	16647.62
126 644.91 2883675.70 2658675.70	29894.56
131 1114.73 4820541.47 4595541.47	96372.89
136 585.15 2637300.45 2412300.45	15134.25
138 1379.35 5911437.52 5686437.52	87062.62
140 932.69 4070053.10 3845053.10	67547.05
141 1240.1 5337375.55 5112375.55	94761.87
148 745.94 3300163.18 3075163.18	15852.54
150 880.03 3852980.34 3627980.34	35417.7
154 688.15 3061935.82 2836935.82	11369.82
16 438.2 2031503.98 1806503.98	14057.49
161 443.23 2052216.37 1827216.37	8969.14
164 913.17 3989580.53 3764580.53	33380.31
17 452.94 2092245.84 1867245.84	45351.97
171 1173.3 5061983.34 4836983.34	39334.31
174 476.06 2187568.77 1962568.77	15161.3
180 776.49 3426103.06 3201103.06	17522.16
181 2689.23 11311462.68 11086462.68	1382057.44
183 545.88 2475425.54 2250425.54	9140.71
187 476.19 2188118.34 1963118.34	14062.03
2 397.53 1863817.29 1638817.29	42883.92
20 1675.3 7131514.21 6906514.21	332383.17
20 788.98 3477600.51 3252600.51	63962.32
201 1223.88 5270508.92 5045508.92	93813.99
206 706.06 3135761.89 2910761.89	13424.13
207 1649.22 7023966.78 6798966.78	172382.33
227 468.57 2156704.60 1931704.60	38478.37
229 1149.41 4963513.42 4738513.42	95261.61
230 382.06 1800075.71 1575075.71	26763.34
234 903.25 3948689.16 3723689.16	46104.51
239 716.8 3180050.20 2955050.20	17447.89
247 838.85 3683190.15 3458190.15	19456.56
260 751.38 3322597.92 3097597.92	5059.95
263 299.34 1459049.23 1234049.23	21176.29
268 2669.55 11230347.07 11005347.07	907366.93
278 731.45 3240452.67 3015452.67	12067.32
280 807.06 3552158.10 3327158.10	35442.6
289 490.48 2247033.93 2022033.93	24442.48
292 589.37 2654713.94 2429713.94	15902.23
293 331.97 1593576.83 1368576.83	10418.27
302 571.22 2579871.53 2354871.53	11991.07
302 633.83 2837999.43 2612999.43	9513.49
309 671.7 2994120.76 2769120.76	19744.58
31 949.86 4140859.14 3915859.14	17715.06
32 538.96 2446904.29 2221904.29	16726.73
328 353.85 1683776.73 1458776.73	15358.85
332 648.15 2897043.48 2672043.48	18663.28
348 511.43 2333379.24 2108379.24	24502.45
363 558.22 2526291.31 2301291.31	8161.23
367 5306.78 22102457.39 21877457.39	6598873.76
369 4859.92 20260239.62 20035239.62	3142686.41
371 3154.39 13229115.39 13004115.39	1127590.64
373 336.61 1612701.45 1387701.45	27205.04
375 481.11 2208416.44 1983416.44	36024.29
381 471.82 2170087.96 1945087.96	34965.86
388 812.34 3573914.51 3348914.51	19136.64
39 770.57 3401708.31 3176708.31	26175.89
399 544.78 2470896.96 2245896.96	9058.26
401 980.62 4267638.26 4042638.26	19464.88
404 544.03 2467771.39 2242771.39	17999.14
405 727.46 3224003.48 2999003.48	10321.1
41 1504.18 6426059.13 6201059.13	469325.73
412 1212.51 5223607.61 4998607.61	65406.31
417 686.81 3056400.89 2831400.89	7642.69
425 783.11 3453424.35 3228424.35	18586.98
426 1156.51 4992771.21 4767771.21	58522.68
428 177.54 956913.11 731913.11	36610.38
430 181.98 975216.08 750216.08	36610.38
430 293.48 1434878.77 1209878.77	9103.44
446 463.53 2135940.41 1910940.41	21915.93
446 758.58 3352291.34 3127291.34	16614.05
448 1593.82 6795589.60 6570589.60	122882.4
448 455.34 2102169.70 1877169.70	17726.33
449 837.29 3676769.82 3451769.82	19600.46
452 766.49 3384899.46 3159899.46	33621.78
454 957.17 4170978.73 3945978.73	41752.98
459 492.76 2256442.69 2031442.69	20438.9
460 949.43 4139056.12 3914056.12	15919.97
463 594.65 2676492.36 2451492.36	17613.73
471 928.94 4054584.56 3829584.56	8059.02
472 173.85 941696.79 716696.79	50782.8
473 6096.32 25357358.44 25132358.44	12437487.05
481 1675 7130255.75 6905255.75	158983.68
482 1039.19 4509107.17 4284107.17	14679.3
484 1087.38 4707779.46 4482779.46	20771.94
493 5282.13 22000820.31 21775820.31	6713890.45
507 513.97 2343875.51 2118875.51	19367.61
509 657.12 2933992.55 2708992.55	26269.45
516 1914.92 8119332.96 7894332.96	305326.97
518 1024.25 4447518.54 4222518.54	40792.07
52 661.07 2950283.90 2725283.90	10310.83
521 557.74 2524320.27 2299320.27	6511.53
522 813.34 3578050.56 3353050.56	20893.64
525 1124.5 4860818.58 4635818.58	48883.11
525 615.43 2762126.09 2537126.09	26754.25
530 700.95 3114715.20 2889715.20	18136.02
538 457.54 2111218.62 1886218.62	16030.57
539 964.27 4200256.96 3975256.96	60656.17
540 1385.79 5937972.34 5712972.34	77698.8
543 432.5 2008002.01 1783002.01	15061.79
544 636.6 2849408.61 2624408.61	22821.13
546 208.86 1086030.12 861030.12	12450.17
55 373.31 1763993.24 1538993.24	18216.83
550 639.38 2860884.28 2635884.28	15693.81
553 445.71 2062460.59 1837460.59	13268.77
557 510.71 2330426.36 2105426.36	26901.56
56 151.15 848103.96 623103.96	64686.43
56 540.99 2455266.64 2230266.64	17228.11
562 1215.46 5235785.20 5010785.20	69455.86
562 69.97 513435.04 288435.04	121107.52
566 392.33 1842377.93 1617377.93	24276.55
57 672.5 2997393.84 2772393.84	31925.66
571 145.36 824235.80 599235.80	66056.55
572 781.51 3446791.50 3221791.50	21938.53
597 373.18 1763469.02 1538469.02	20343.35
6 291.79 1427929.12 1202929.12	14277.95
603 277.61 1369439.81 1144439.81	19644.66
609 613.13 2752669.49 2527669.49	18915.5
609 756.57 3343985.32 3118985.32	14113.79
61 947.72 4132002.68 3907002.68	14108.59
613 361.45 1715101.22 1490101.22	43961.47
62 2022.74 8563840.66 8338840.66	802871.18
623 574.79 2594615.21 2369615.21	8947.19
625 575.97 2599482.20 2374482.20	14910.2
630 668.46 2980768.53 2755768.53	28202.08
636 684.95 3048727.90 2823727.90	22128.3
644 823.72 3620823.83 3395823.83	61814.68
645 1223.77 5270060.23 5045060.23	196537.71
666 470.32 2163919.90 1938919.90	45430.13
670 558.96 2529334.88 2304334.88	14249.11
671 591.13 2661945.67 2436945.67	21830.44
681 314 1519495.87 1294495.87	49410.67
697 1466.77 6271845.72 6046845.72	132740.62
697 253.5 1270052.08 1045052.08	16294.17
71 1955.33 8285925.06 8060925.06	401149.01
74 679.04 3024377.37 2799377.37	15643.28
743 568.88 2570226.10 2345226.10	33414.53
746 156.38 869694.71 644694.71	43186.73
755 502.66 2297240.22 2072240.22	23289.02
76 1744.55 7416989.48 7191989.48	100777.36
763 607.27 2728496.63 2503496.63	26606.91
769 771.77 3406676.63 3181676.63	7062.81
776 774.16 3416512.56 3191512.56	11550.34
780 163.25 898009.25 673009.25	20585.1
782 592.14 2666113.10 2441113.10	6898.86
788 81.9 562635.91 337635.91	159421.19
83 393.24 1846162.03 1621162.03	25599.56
85 937.86 4091353.92 3866353.92	66816.48
86 487.85 2236192.41 2011192.41	22778.42
88 1895.53 8039395.48 7814395.48	202121.49
94 540.49 2453212.26 2228212.26	13118.85
1 1663.15 7081416.99 6856416.99	187400.25
104 833.47 3661013.83 3436013.83	24901.46
105 120.82 723067.62 498067.62	56109.73
112 2320.06 9789573.24 9564573.24	557239.7
116 712.72 3163238.58 2938238.58	27236.75
116 792.95 3493963.87 3268963.87	10883.18
132 1719.52 7313811.58 7088811.58	191817.8
133 828.67 3641231.05 3416231.05	46064.25
134 748.99 3312752.22 3087752.22	8518.67
137 1001.32 4352997.60 4127997.60	81395.69
137 1820.23 7728963.39 7503963.39	90740.45
148 718.89 3188667.17 2963667.17	17236.03
151 1224.28 5272157.33 5047157.33	200732.42
157 1204.5 5190612.17 4965612.17	13007.14
162 2020.45 8554387.03 8329387.03	536989.06
167 1275.36 5482738.70 5257738.70	68854.89
169 1634.46 6963134.57 6738134.57	91003.2
185 438.44 2032495.37 1807495.37	12074.47
192 907.83 3967582.68 3742582.68	26985.2
196 1109.48 4798886.72 4573886.72	27790.39
202 639.86 2862856.71 2637856.71	18381.09
205 1126.81 4870330.64 4645330.64	29856.68
213 454.69 2099469.82 1874469.82	13670.16
214 1742.78 7409708.85 7184708.85	87378.76
215 328.81 1580517.09 1355517.09	32401.77
219 70.36 515078.66 290078.66	117819.89
22 1028.12 4463456.86 4238456.86	31880.51
22 740.88 3279295.90 3054295.90	19347.48
24 355.7 1691379.75 1466379.75	15207.89
245 2140.06 9047496.88 8822496.88	406878.3
246 377.72 1782185.49 1557185.49	14185.4
249 1431.11 6124810.69 5899810.69	130089.72
25 279.99 1379260.95 1154260.95	19644.66
258 602.29 2707983.03 2482983.03	26689.57
261 862.83 3782060.39 3557060.39	21841.95
262 973.73 4239227.32 4014227.32	37363.89
265 129.77 759965.82 534965.82	49394.83
27 835.2 3668141.90 3443141.90	15970.93
279 842.54 3698390.17 3473390.17	18444.47
282 619.14 2777425.35 2552425.35	18173.8
285 1415.33 6059773.72 5834773.72	57365.59
286 1317.52 5656531.92 5431531.92	132722.87
287 768.91 3394851.64 3169851.64	19804.22
292 989.37 4303718.68 4078718.68	68096.4
296 693.83 3085359.48 2860359.48	12384.98
3 403.3 1887640.41 1662640.41	24357.06
304 322.65 1555135.45 1330135.45	29173.2
315 847.57 3719153.72 3494153.72	31734.87
318 882.53 3863276.50 3638276.50	34696.67
321 741.97 3283809.69 3058809.69	18826.1
34 413.04 1927774.32 1702774.32	21708.55
346 290.3 1421766.57 1196766.57	26227.58
347 564.83 2553520.86 2328520.86	12074.66
347 643.22 2876722.85 2651722.85	18065.34
359 577.75 2606791.59 2381791.59	18303.6
36 330.11 1585899.03 1360899.03	40451.08
366 256.8 1283679.85 1058679.85	21317.92
368 634.84 2842138.31 2617138.31	30247.18
376 2697 11343500.51 11118500.51	927312.73
396 291.56 1426964.33 1201964.33	14778.17
40 799.35 3520349.21 3295349.21	26641.53
403 1442.32 6171030.89 5946030.89	173280.01
403 565.79 2557504.53 2332504.53	20227.64
405 802.58 3533668.36 3308668.36	31943.35
413 464.81 2141207.59 1916207.59	30997.78
420 1164.24 5024636.00 4799636.00	47804.82
420 733.02 3246907.35 3021907.35	27780.93
423 854.49 3747679.38 3522679.38	25076.14
426 634.85 2842218.60 2617218.60	14381.77
431 1036.12 4496457.04 4271457.04	12009.62
432 423.64 1971473.64 1746473.64	16458.98
435 320.77 1547369.74 1322369.74	30060.56
437 755.57 3339863.14 3114863.14	32922.07
449 6991.62 29048257.41 28823257.41	19820180.29
45 556.34 2518538.92 2293538.92	15506.66
451 340.51 1628770.40 1403770.40	19734.43
454 360.74 1712147.90 1487147.90	8941.43
461 929.7 4057727.76 3832727.76	10995.33
47 423.91 1972572.13 1747572.13	18656.23
470 1126.42 4868722.07 4643722.07	33074.21
471 734.02 3251025.64 3026025.64	34071.11
473 295.44 1442969.42 1217969.42	15806.3
475 619.07 2777157.84 2552157.84	17350.34
477 862.16 3779284.35 3554284.35	48874.15
480 777.76 3431339.99 3206339.99	10475.13
483 763.76 3373628.61 3148628.61	28452.25
485 569.98 2574761.67 2349761.67	14290.83
487 499.84 2285597.12 2060597.12	16496.66
487 884.76 3872452.03 3647452.03	25497.69
496 1052.67 4564677.04 4339677.04	23041.8
497 1072.16 4645033.68 4420033.68	131297.06
50 157.87 875845.07 650845.07	42364.77
508 1822.43 7738071.36 7513071.36	158160.39
509 1870.98 7938190.57 7713190.57	242126.58
51 918.62 4012032.67 3787032.67	66092.56
510 1269.18 5457236.93 5232236.93	62283.47
510 562.23 2542818.80 2317818.80	34532.67
511 664.97 2966385.95 2741385.95	11331.36
521 615.71 2763281.35 2538281.35	9224.44
53 1041.51 4518679.73 4293679.73	31576.11
532 1092.27 4727926.74 4502926.74	85003.35
554 395.05 1853618.04 1628618.04	25541.36
555 497.71 2276848.76 2051848.76	17006.61
560 514.18 2344730.38 2119730.38	16724.57
563 248.27 1248524.15 1023524.15	34718.18
565 70.83 517018.20 292018.20	113940.34
567 1841.62 7817141.96 7592141.96	242126.58
567 209.56 1088919.07 863919.07	16693.56
579 657.73 2936536.71 2711536.71	25614.68
584 619.57 2779189.78 2554189.78	21414.72
585 350.88 1671527.03 1446527.03	3301.72
590 270.63 1340685.47 1115685.47	32872.97
596 686.07 3053363.60 2828363.60	17146.52
600 1328.29 5700920.58 5475920.58	94416.09
604 376.03 1775196.05 1550196.05	10269.27
604 454.52 2098759.27 1873759.27	32323.53
607 363.82 1724874.84 1499874.84	14493.94
621 772.93 3411437.25 3186437.25	19460.24
635 717.77 3184053.85 2959053.85	27072.16
638 1000.03 4347665.12 4122665.12	55109.24
641 778.61 3434863.08 3209863.08	17522.16
649 722.08 3201797.41 2976797.41	15006.56
657 339.91 1626302.32 1401302.32	22020.73
657 346.45 1653253.51 1428253.51	61053.84
662 319.18 1540838.16 1315838.16	16281.39
664 844.95 3708354.46 3483354.46	21601.14
666 598.53 2692481.77 2467481.77	12725.61
673 1086.85 4705572.34 4480572.34	16357.17
674 728.99 3230306.98 3005306.98	12608.53
685 296.69 1448130.81 1223130.81	21839.49
704 738.81 3270782.73 3045782.73	21845.55
707 318.1 1536399.97 1311399.97	9706.51
709 525.17 2390021.33 2165021.33	7284.16
718 698.75 3105648.29 2880648.29	11912.98
719 409.52 1913275.88 1688275.88	9751.9
720 2378.31 10029685.08 9804685.08	1224938.71
726 381.97 1799690.39 1574690.39	25992.61
740 275.13 1359248.09 1134248.09	33178.12
762 689.15 3066055.70 2841055.70	8240.76
769 434.71 2017098.98 1792098.98	18196.15
770 744.25 3293221.60 3068221.60	18826.1
775 627.36 2811301.76 2586301.76	40679.16
779 124.38 737773.53 512773.53	63237.89
783 176.66 953293.98 728293.98	43849.52
786 167.5 915539.12 690539.12	43560.5
787 289.7 1419298.13 1194298.13	20663.95
80 666.35 2972050.94 2747050.94	14942.69
91 1084.86 4697394.75 4472394.75	26242.66
98 568.25 2567617.12 2342617.12	16188.04
10 811.29 3569565.49 3344565.49	37865.83
101 238.21 1207017.93 982017.93	139824.41
106 1634.37 6962776.18 6737776.18	111246.91
12 273.68 1353259.98 1128259.98	58232.86
127 1276.73 5488374.89 5263374.89	74778.39
132 621.34 2786511.15 2561511.15	21960.62
133 250.17 1256331.04 1031331.04	19102.5
135 752.36 3326618.70 3101618.70	28273.18
136 1099.54 4757895.06 4532895.06	112152.68
154 756.36 3343134.77 3118134.77	12412.48
158 2080.73 8802886.18 8577886.18	1031216.01
16 697.31 3099692.52 2874692.52	11912.98
162 757.02 3345838.36 3120838.36	42975.49
168 643.93 2879642.87 2654642.87	32989.78
169 627.36 2811302.24 2586302.24	40680.12
172 280.74 1382372.88 1157372.88	30333.52
182 813.61 3579154.85 3354154.85	19181.04
182 946.34 4126317.72 3901317.72	11371.3
184 375.65 1773639.46 1548639.46	11172.92
188 1645.5 7008630.65 6783630.65	141706.35
19 421.64 1963245.15 1738245.15	18656.23
19 605.9 2722834.98 2497834.98	24596.57
191 2189.4 9250911.36 9025911.36	327611.41
193 1984.86 8407687.44 8182687.44	293434.77
198 536.91 2438436.29 2213436.29	5367.85
203 2538.77 10691174.60 10466174.60	1078475.72
208 2612.39 10994689.91 10769689.91	607104.24
210 3158.84 13247451.72 13022451.72	1090913.53
212 858.3 3763365.52 3538365.52	31841.52
225 129.52 758972.65 533972.65	51381.42
226 928.98 4054780.13 3829780.13	8450.2
227 862.25 3779681.40 3554681.40	49668.34
236 798.51 3516896.40 3291896.40	35069.43
237 589.29 2654375.89 2429375.89	16578.41
24 299.08 1457990.85 1232990.85	14574.64
248 1037.58 4502461.12 4277461.12	12009.62
248 266.64 1324250.98 1099250.98	32872.97
249 518.71 2363416.75 2138416.75	22647.67
250 447.32 2069094.17 1844094.17	26153.45
251 834.26 3664260.38 3439260.38	18381.51
257 1528.06 6524514.94 6299514.94	250032.3
260 1402.76 6007961.88 5782961.88	51068.82
264 205.01 1070178.52 845178.52	38867.76
266 383.83 1807340.14 1582340.14	28087.72
267 2382.62 10047473.09 9822473.09	953528.91
269 1020.81 4433332.04 4208332.04	45961.17
27 458.43 2114919.08 1889919.08	28281.22
270 860.6 3772879.79 3547879.79	18363.43
272 1809.22 7683598.67 7458598.67	90740.45
283 1523.87 6507243.16 6282243.16	447523.04
284 1746.17 7423655.53 7198655.53	59482.01
29 514.2 2344825.46 2119825.46	17666.4
297 559.12 2529992.85 2304992.85	15565.21
298 1447.27 6191424.72 5966424.72	161301.7
310 1664.33 7086285.61 6861285.61	158260.25
322 765.57 3381088.93 3156088.93	20704.23
325 301.91 1469636.09 1244636.09	21176.29
326 1381.05 5918453.92 5693453.92	72516.97
331 739.01 3271583.33 3046583.33	41120.37
333 828.48 3640428.35 3415428.35	15077.29
338 910.6 3978990.40 3753990.40	60609.83
340 1125.5 4864944.40 4639944.40	75058.86
342 1058.69 4589487.53 4364487.53	31858.14
342 915.96 4001076.87 3776076.87	40011.31
348 1368.9 5868335.86 5643335.86	86213.77
349 525.52 2391460.77 2166460.77	12523.43
353 547.6 2482490.22 2257490.22	12624.51
355 673.01 2999506.75 2774506.75	36151.99
357 676.23 3012806.56 2787806.56	26725.75
358 649.23 2901488.84 2676488.84	11999.38
358 916.14 4001812.75 3776812.75	58476.72
360 650.69 2907487.80 2682487.80	11999.38
37 1069.97 4636011.99 4411011.99	53090.52
37 614.95 2760158.41 2535158.41	10086.3
38 501.84 2293844.45 2068844.45	16988.9
389 634.68 2841505.38 2616505.38	15808.38
391 159.63 883076.40 658076.40	29869.32
393 1514.35 6467985.70 6242985.70	136960.11
400 1368.79 5867911.49 5642911.49	87062.62
406 834.24 3664190.32 3439190.32	23875.05
407 792.17 3490765.09 3265765.09	52268.96
409 696.15 3094898.65 2869898.65	9588.9
410 575.88 2599088.26 2374088.26	8807.03
42 1010.63 4391385.73 4166385.73	76785.57
42 1023.07 4442665.45 4217665.45	43329.01
424 506.3 2312236.23 2087236.23	29126.47
433 457.76 2112125.84 1887125.84	17845.23
438 4588.03 19139369.06 18914369.06	5244115.45
443 567.02 2562560.26 2337560.26	12192.42
445 367.34 1739390.70 1514390.70	20862.69
46 1920.04 8140443.97 7915443.97	290997.47
465 1606.17 6846524.58 6621524.58	232531.4
469 1570.77 6700580.79 6475580.79	185466.05
476 1009.63 4387234.25 4162234.25	30850.44
49 524.02 2385301.84 2160301.84	12319.36
490 1849.52 7849740.90 7624740.90	223366.17
492 1100.79 4763061.90 4538061.90	104788.01
499 522.97 2380968.08 2155968.08	17195.15
507 829.98 3646644.40 3421644.40	26745.72
512 477.9 2195148.50 1970148.50	15161.3
513 811.36 3569877.25 3344877.25	27212.14
523 582.01 2624353.76 2399353.76	25896.52
534 919.08 4013960.23 3788960.23	25769.84
535 707.81 3142989.44 2917989.44	12157.37
536 1037.41 4501768.41 4276768.41	10624.03
541 1877.89 7966687.99 7741687.99	237402.57
546 1203.46 5186310.68 4961310.68	17453.69
556 694.91 3089803.14 2864803.14	19930.7
559 359.09 1705362.02 1480362.02	27816.97
561 292.57 1431145.20 1206145.20	11205.26
564 1205.57 5195036.47 4970036.47	21856.81
580 348.78 1662848.72 1437848.72	15738.03
581 455.01 2100780.18 1875780.18	31793.11
585 996.61 4333565.46 4108565.46	61014.3
594 408.34 1908400.52 1683400.52	17043.75
601 386.74 1819366.62 1594366.62	33842.95
611 802.76 3534428.99 3309428.99	35069.43
613 617.08 2768943.29 2543943.29	16966.18
617 872.7 3822743.25 3597743.25	29365.6
618 869.79 3810755.24 3585755.24	42469.19
621 416.38 1941542.03 1716542.03	39200.39
622 1012.44 4398827.99 4173827.99	44356.54
63 4207.35 17569985.00 17344985.00	2467170.45
630 437.96 2030505.99 1805505.99	13757.21
631 692.89 3081479.44 2856479.44	16649.42
634 549.03 2488387.89 2263387.89	23238.86
635 359.8 1708287.30 1483287.30	7713.47
643 687.32 3058508.18 2833508.18	6010.29
646 956.92 4169932.55 3944932.55	43845.59
647 527.03 2397721.73 2172721.73	12523.43
65 3826.11 15998294.03 15773294.03	2368178.85
654 611.72 2746842.97 2521842.97	11654.45
66 1044.73 4531935.44 4306935.44	50245.1
665 736.79 3262463.03 3037463.03	33669.83
674 742.39 3285540.22 3060540.22	15364.62
676 545.48 2473775.26 2248775.26	12009.19
684 277.06 1367207.96 1142207.96	30333.52
689 151.44 849306.80 624306.80	50148.08
690 376.78 1778300.38 1553300.38	32248.17
694 1080.42 4679083.11 4454083.11	52984.89
703 512.06 2335993.33 2110993.33	16112.79
705 815.57 3587207.53 3362207.53	19606.07
708 388.73 1827539.91 1602539.91	29679.64
710 532.21 2419076.89 2194076.89	11877.22
720 599.71 2697324.61 2472324.61	18952.66
73 947.75 4132133.47 3907133.47	13846.98
730 227.45 1162689.61 937689.61	66469.28
731 336.05 1610365.00 1385365.00	26808.64
732 969.52 4221893.36 3996893.36	62902.47
737 337.21 1615157.78 1390157.78	22291.78
742 658.74 2940692.89 2715692.89	19184.35
746 695.25 3091202.67 2866202.67	16981.76
747 111.78 685832.45 460832.45	59718.33
747 732.64 3245348.47 3020348.47	21860.11
749 797.09 3511047.61 3286047.61	18605.46
761 645.2 2884876.18 2659876.18	24337.55
765 289.35 1417877.76 1192877.76	34006.15
767 579.21 2612804.86 2387804.86	27436.53
77 1442.21 6170565.41 5945565.41	119578.02
773 260.21 1297712.51 1072712.51	17472.68
778 457.49 2111031.79 1886031.79	15656.86
780 164.79 904368.76 679368.76	54602.05
8 899.03 3931310.14 3706310.14	15313.93
87 468.75 2157426.35 1932426.35	31359.51
88 751.81 3324353.22 3099353.22	8349.34
93 544.43 2469449.91 2244449.91	14641.7
94 224 1148467.88 923467.88	58230.08
103 360.73 1712143.57 1487143.57	9722.61
108 592.2 2666375.54 2441375.54	12969.63
113 934.38 4077021.76 3852021.76	44151.79
114 1283.71 5517161.97 5292161.97	119864.61
119 1620.88 6907159.47 6682159.47	140046.29
124 826.65 3632890.62 3407890.62	15077.29
126 527.19 2398383.84 2173383.84	13847.81
143 852.89 3741060.12 3516060.12	20884.21
146 498.8 2281309.77 2056309.77	21936.38
147 1161.3 5012525.36 4787525.36	53947.9
149 1471.27 6290394.19 6065394.19	95639.18
149 899.19 3931971.79 3706971.79	16746.74
15 293.35 1434352.52 1209352.52	14778.17
165 1046.39 4538785.47 4313785.47	26769.35
166 1170.04 5048535.51 4823535.51	39105.46
173 1178.87 5084929.72 4859929.72	45898.33
174 1787.03 7592115.01 7367115.01	191553.97
179 2585.41 10883478.43 10658478.43	856072.32
18 87.02 583760.25 358760.25	137379.84
186 398.15 1866387.17 1641387.17	40455.19
189 633.38 2836153.11 2611153.11	42219.04
194 1054.02 4570256.83 4345256.83	23113.56
194 720.5 3195306.11 2970306.11	13279.49
196 464.94 2141748.50 1916748.50	31359.51
197 1053.83 4569481.88 4344481.88	21563.47
198 381.14 1796275.17 1571275.17	37482.86
203 514.4 2345628.98 2120628.98	18521.99
204 966.48 4209363.79 3984363.79	59734.31
206 928.62 4053292.64 3828292.64	82529.94
209 921.27 4022988.55 3797988.55	33443.83
21 732.01 3242764.09 3017764.09	16690.72
211 897.18 3923654.10 3698654.10	21482.34
217 109.23 675316.06 450316.06	50616.66
222 155.33 865346.87 640346.87	36754.96
224 729.59 3232782.73 3007782.73	11106.06
23 270.77 1341260.29 1116260.29	32394.89
233 528.19 2402499.75 2177499.75	11469.87
235 1299.7 5583052.45 5358052.45	146976.76
236 1130.43 4885257.17 4660257.17	48883.11
245 850.57 3731521.94 3506521.94	32318.8
258 1905.72 8081413.77 7856413.77	207882.35
263 515.77 2351270.86 2126270.86	24294.72
265 833.52 3661204.32 3436204.32	24494.37
268 1322.65 5677680.47 5452680.47	140405.35
273 1250.23 5379150.44 5154150.44	99309.77
274 1769.04 7517965.73 7292965.73	188643.27
275 1376.37 5899127.65 5674127.65	77698.8
276 1556.66 6642398.53 6417398.53	432731.28
277 853.28 3742680.64 3517680.64	41374.78
290 1741.38 7403914.29 7178914.29	98969.28
299 1446.23 6187152.13 5962152.13	152755.48
300 390.05 1832988.37 1607988.37	18781.4
303 1006.71 4375216.40 4150216.40	47228.91
303 785.77 3464364.12 3239364.12	22567.16
306 541.88 2458945.47 2233945.47	15293.53
307 1134.6 4902422.09 4677422.09	74964.48
307 317.21 1532698.45 1307698.45	16281.39
31 325.21 1565675.94 1340675.94	6556.28
310 610.12 2740250.68 2515250.68	34835.62
312 772.48 3409565.61 3184565.61	7616.2
313 2243.62 9474419.58 9249419.58	506368.99
316 661.54 2952234.13 2727234.13	14211.76
317 339.92 1626341.55 1401341.55	53830.45
317 700.8 3114073.81 2889073.81	9508.83
321 1725.79 7339655.01 7114655.01	108514.3
323 1696.32 7218146.23 6993146.23	243047.03
325 2518 10605558.66 10380558.66	1074929.08
327 609.39 2737237.83 2512237.83	12193.5
331 701.24 3115911.67 2890911.67	20529.25
332 325.69 1567668.55 1342668.55	10541.98
334 364.39 1727220.69 1502220.69	10002.67
335 960.05 4182834.74 3957834.74	78126.71
336 524.46 2387112.69 2162112.69	8697.22
341 773.4 3413373.25 3188373.25	13394.87
343 436.29 2023628.22 1798628.22	17736.45
346 993.2 4319532.27 4094532.27	47416.96
350 595.28 2679070.50 2454070.50	14329.16
362 690.81 3072903.16 2847903.16	28473.45
363 1114.21 4818398.69 4593398.69	58347.07
378 217.31 1120860.86 895860.86	70396.74
380 183.06 979663.57 754663.57	42129.97
382 599.81 2697736.17 2472736.17	19470.12
384 650.51 2906759.81 2681759.81	14481.78
40 502.77 2297674.76 2072674.76	24158.21
402 498.92 2281823.72 2056823.72	9951.13
418 523.27 2382205.93 2157205.93	14935.25
419 306.39 1488105.09 1263105.09	55108.58
427 973.69 4239079.16 4014079.16	92398.38
436 626.92 2809502.88 2584502.88	37080.96
439 927.96 4050555.54 3825555.54	11937.85
457 1000.72 4350505.97 4125505.97	86379.55
459 1501.7 6415834.85 6190834.85	104314.35
468 1906.68 8085374.88 7860374.88	237402.57
474 612.18 2748750.59 2523750.59	13905.92
475 507.95 2319066.59 2094066.59	28628.78
478 787.18 3470181.29 3245181.29	49122.08
480 423.52 1970962.80 1745962.80	15437.18
483 4562.47 19033996.82 18808996.82	5033345.41
484 460.06 2121602.15 1896602.15	17019.1
486 861.99 3778584.50 3553584.50	47474.28
488 945.35 4122249.43 3897249.43	19508.87
489 761.5 3364299.52 3139299.52	19271.89
49 2042.84 8646700.73 8421700.73	968611.42
493 1088.08 4710674.25 4485674.25	94453.08
494 717.29 3182049.86 2957049.86	21447.7
496 351.28 1673177.69 1448177.69	4922.41
500 1482.87 6338207.98 6113207.98	132740.62
500 216.9 1119162.51 894162.51	19139.81
502 529.58 2408233.99 2183233.99	20743.97
505 1025.33 4451984.73 4226984.73	84288.45
508 527.59 2400021.06 2175021.06	12717.72
526 345.08 1647623.38 1422623.38	21567.47
53 983.1 4277872.39 4052872.39	36208.85
533 516.32 2353558.14 2128558.14	29891.24
539 458.54 2115365.28 1890365.28	19239.32
545 549.82 2491651.01 2266651.01	24594.02
557 984.89 4285272.75 4060272.75	68527.35
568 440.91 2042691.87 1817691.87	16800.52
571 365.58 1732120.93 1507120.93	14493.94
578 774.91 3419593.15 3194593.15	6735.97
581 210.37 1092254.45 867254.45	12450.17
584 143.3 815764.67 590764.67	64686.43
589 747.86 3308088.49 3083088.49	8678.91
592 397.38 1863206.48 1638206.48	34093.04
599 254.22 1273022.18 1048022.18	14283.83
60 863.55 3785041.46 3560041.46	25140.72
608 615.91 2764134.19 2539134.19	7952.52
614 1151.87 4973655.12 4748655.12	89849.68
614 675.19 3008501.41 2783501.41	25856.12
62 153.37 857260.07 632260.07	37174.5
628 848.58 3723292.50 3498292.50	35539.55
63 728.72 3229163.40 3004163.40	10321.1
633 603.42 2712621.38 2487621.38	31754.35
640 859.34 3767649.54 3542649.54	16958.78
653 585.3 2637924.12 2412924.12	13886.76
668 721.51 3199459.39 2974459.39	10329.95
672 248.76 1250508.14 1025508.14	30749.71
687 202.32 1059067.83 834067.83	53204.31
688 645.42 2885754.42 2660754.42	30697.8
692 432.54 2008177.27 1783177.27	28772.11
700 406.26 1899817.46 1674817.46	24357.06
702 684.18 3045556.02 2820556.02	15780.7
705 324.03 1560841.40 1335841.40	40586.48
706 319.11 1540550.62 1315550.62	15706.24
707 369.65 1748887.92 1523887.92	33538.05
71 1106.72 4787522.70 4562522.70	23135.67
711 826.74 3633273.16 3408273.16	14312.12
714 641.46 2869452.70 2644452.70	36524.97
716 703.6 3125608.04 2900608.04	15647.1
72 1784.02 7579714.49 7354714.49	207793.56
721 575.64 2598098.01 2373098.01	17389.27
723 668.62 2981432.95 2756432.95	23825.05
724 791.81 3489267.26 3264267.26	11318.63
73 1091.19 4723480.70 4498480.70	44582.53
735 252.49 1265881.13 1040881.13	19250.73
735 773.32 3413039.63 3188039.63	13209.8
737 389.38 1830241.13 1605241.13	24276.55
741 423.36 1970329.78 1745329.78	14170.98
744 1029.2 4467912.10 4242912.10	23816.95
745 665.85 2970007.02 2745007.02	10854.35
750 684.68 3047606.45 2822606.45	20662.23
754 809.45 3562007.78 3337007.78	43246.52
764 658.12 2938114.95 2713114.95	24340.85
771 505.18 2307634.71 2082634.71	40611.33
777 442.73 2050180.12 1825180.12	23299.32
781 114.01 695016.16 470016.16	23117.4
783 114.01 695016.16 470016.16	23117.4
787 178.77 961975.69 736975.69	44952.27
81 1718.9 7311236.09 7086236.09	196969.4
87 1442.09 6170093.98 5945093.98	118635.04
89 111.89 686272.46 461272.46	58838.2
99 277.79 1370221.75 1145221.75	18080.6
1 757.79 3349033.12 3124033.12	16561.09
105 2535.83 10679087.45 10454087.45	1222004.49
108 1341.1 5753731.92 5528731.92	105635.49
11 634.12 2839195.11 2614195.11	11905.14
110 1734.33 7374860.04 7149860.04	84269.1
12 623.95 2797282.47 2572282.47	28041.99
120 1007.78 4379617.15 4154617.15	38426.34
122 605.86 2722674.46 2497674.46	24275.49
123 825.34 3627491.94 3402491.94	25875.96
125 1036.68 4498767.80 4273767.80	39828.69
127 1122.56 4852787.40 4627787.40	68785.77
13 916.45 4003095.17 3778095.17	61041.87
140 1165.3 5028985.15 4803985.15	39105.46
152 1196.64 5158184.60 4933184.60	130276.25
152 632.68 2833243.26 2608243.26	17952.85
157 1039.09 4508692.06 4283692.06	22620.38
175 1880.51 7977485.20 7752485.20	369981.97
177 1627.35 6933838.58 6708838.58	146670.79
181 728.25 3227230.37 3002230.37	14380.48
189 798.47 3516746.47 3291746.47	26321.67
190 1743.09 7410974.66 7185974.66	84846.83
191 576.3 2600835.62 2375835.62	12302.17
197 637.11 2851521.73 2626521.73	18769.11
212 668.44 2980684.68 2755684.68	22328.33
221 444.31 2056700.40 1831700.40	8969.14
224 165.14 905803.30 680803.30	35229.49
239 803.81 3538726.41 3313726.41	29895.84
240 582.29 2625536.42 2400536.42	16500.72
240 894.67 3913304.28 3688304.28	30457.41
253 649.14 2901101.46 2676101.46	25799.85
267 729.99 3234419.74 3009419.74	12067.32
272 627.24 2810834.90 2585834.90	22060.98
277 1305.62 5607486.31 5382486.31	166544.94
279 354.22 1685307.89 1460307.89	12296.16
280 1276.8 5488661.21 5263661.21	158697.89
281 1628.31 6937786.07 6712786.07	141706.35
295 1811.82 7694295.48 7469295.48	69344.23
305 763.83 3373934.30 3148934.30	29063.7
311 702.5 3121081.35 2896081.35	30246.69
314 494.53 2263740.79 2038740.79	18757.16
32 589.04 2653351.39 2428351.39	16971.52
322 1396.65 5982760.21 5757760.21	112503.72
324 617.68 2771412.34 2546412.34	18574.75
328 728.06 3226476.62 3001476.62	7661.65
33 759.17 3354695.65 3129695.65	19210.07
339 595.22 2678806.68 2453806.68	14856.86
344 277.77 1370132.83 1145132.83	33749.79
344 876.26 3837424.27 3612424.27	46883.35
345 566.29 2559557.46 2334557.46	18301.18
351 462.12 2130110.67 1905110.67	23278.48
354 195.3 1030145.07 805145.07	56839.33
355 695.54 3092396.03 2867396.03	14594.75
36 755.78 3340753.58 3115753.58	16561.09
361 574.83 2594768.33 2369768.33	8640.91
362 1685.88 7175105.75 6950105.75	187400.25
364 1183.16 5102644.92 4877644.92	54647.15
373 3260.44 13666321.89 13441321.89	874519.05
381 730.46 3236334.50 3011334.50	9509.98
383 350.69 1670716.78 1445716.78	4922.41
392 1726.14 7341083.97 7116083.97	111372.57
394 542.07 2459718.36 2234718.36	16839.5
395 538.9 2446653.63 2221653.63	17228.11
398 3238.51 13575895.11 13350895.11	693643.56
402 956.43 4167922.91 3942922.91	41820.61
411 551.32 2497833.06 2272833.06	50428.95
416 749.95 3316723.08 3091723.08	7978.69
424 778.84 3435823.57 3210823.57	19443.37
432 1593.26 6793302.57 6568302.57	127457.02
440 1608.72 6857023.35 6632023.35	161545.03
441 2981.73 12517304.33 12292304.33	3268048.12
442 536.37 2436218.96 2211218.96	9803.05
450 565.54 2556464.79 2331464.79	22307.37
453 585.28 2637833.81 2412833.81	11540.88
465 626.75 2808785.88 2583785.88	20913.06
481 444.15 2056019.03 1831019.03	7606.24
485 624.21 2798330.62 2573330.62	25011.59
488 217.65 1122261.85 897261.85	25339.24
498 354.89 1688043.22 1463043.22	34147.7
5 423.9 1972557.16 1747557.16	33175.14
503 293.47 1434841.76 1209841.76	9177.47
504 2856.83 12002407.60 11777407.60	2238129.76
506 654.51 2923264.74 2698264.74	23350.45
511 887.95 3885634.73 3660634.73	26368.59
515 701.7 3117785.44 2892785.44	11320.65
516 558.04 2525540.43 2300540.43	8952.15
524 444.48 2057385.13 1832385.13	23555.22
530 520.44 2370546.54 2145546.54	14261.31
531 682 3036561.67 2811561.67	12038.94
531 930.49 4060975.55 3835975.55	17491.7
537 681.63 3035030.68 2810030.68	16843.4
540 793.18 3494925.89 3269925.89	12807.45
541 248.74 1250436.71 1025436.71	30892.59
549 698.89 3106194.21 2881194.21	15761.11
551 842.25 3697230.41 3472230.41	23349.81
568 1330.45 5709853.59 5484853.59	62729.25
569 1261.8 5426836.29 5201836.29	89266.22
570 1153.43 4980082.10 4755082.10	92585.7
574 475.37 2184736.68 1959736.68	44856.24
575 350.75 1670971.44 1445971.44	4413.03
576 1107.14 4789228.69 4564228.69	19723.27
582 150.87 846971.62 621971.62	62421.47
583 1398.21 5989184.49 5764184.49	83829.99
589 692.33 3079167.74 2854167.74	19339.64
59 495.24 2266660.90 2041660.90	20378.19
59 846.33 3714026.62 3489026.62	22263.78
593 345.5 1649351.06 1424351.06	25023.25
599 1035.56 4494123.84 4269123.84	16676.58
61 643.4 2877461.46 2652461.46	17464.57
611 651.68 2911590.93 2686590.93	16647.62
616 1015.24 4410354.24 4185354.24	46245.59
616 695.47 3092126.18 2867126.18	15134.52
624 376.6 1777536.01 1552536.01	30719.25
624 84.65 573981.46 348981.46	121107.52
629 1116.4 4827419.52 4602419.52	57072.52
637 897.66 3925639.70 3700639.70	19537.81
64 1421.31 6084401.39 5859401.39	101828.75
640 600.08 2698843.80 2473843.80	18280.67
641 463.9 2137467.75 1912467.75	24970.98
655 768.08 3391439.79 3166439.79	23414.56
658 409.04 1911285.00 1686285.00	23626.36
659 546.21 2476769.87 2251769.87	11442.09
661 179.21 963798.63 738798.63	22837.67
669 855.42 3751500.96 3526500.96	32301.08
672 380.72 1794523.61 1569523.61	33979.32
677 978.08 4257190.74 4032190.74	12379.6
680 939.73 4099094.98 3874094.98	46314.52
683 255.41 1277953.91 1052953.91	45271.57
687 506.11 2311441.91 2086441.91	27537.64
693 842.66 3698902.22 3473902.22	17420.25
694 531.22 2414962.60 2189962.60	16265.81
696 951.36 4147015.14 3922015.14	29766.95
70 231.17 1177996.69 952996.69	114285.52
708 742.6 3286386.16 3061386.16	39057.23
709 445.87 2063119.56 1838119.56	14202.78
715 1427.71 6110783.65 5885783.65	161301.7
715 945.2 4121618.31 3896618.31	20771.26
719 680.7 3031202.92 2806202.92	13652.76
725 602.91 2710538.19 2485538.19	24275.49
728 795.28 3503587.23 3278587.23	19249.05
733 140.81 805488.19 580488.19	85241.88
75 1195.86 5154967.80 4929967.80	136710.63
75 617.26 2769684.47 2544684.47	11101.91
76 178.44 960628.05 735628.05	47647.88
768 878.09 3844970.83 3619970.83	37659.43
79 221.73 1139076.02 914076.02	90741.38
84 776.19 3424875.65 3199875.65	10566.28
91 843.63 3702896.08 3477896.08	22263.78
97 541.88 2458929.36 2233929.36	15261.31
97 683.67 3043451.36 2818451.36	16843.4
99 616.83 2767893.01 2542893.01	7518.56
10 437.97 2030571.59 1805571.59	43294.82
114 2536.28 10680935.51 10455935.51	1225701.06
115 711.17 3156826.03 2931826.03	40063.4
129 681.19 3033228.45 2808228.45	8308.11
14 294.58 1439429.94 1214429.94	9103.44
150 1041.83 4520000.88 4295000.88	28933.49
158 1036.58 4498337.33 4273337.33	8428.0
160 796.93 3510385.17 3285385.17	39244.92
165 232.73 1184441.21 959441.21	127176.12
167 1106.11 4784993.21 4559993.21	28195.26
17 254.82 1275505.33 1050505.33	16351.02
170 656.83 2932807.39 2707807.39	23898.84
179 1202.92 5184109.39 4959109.39	21856.81
18 444.03 2055515.22 1830515.22	6598.5
183 1343.61 5764114.02 5539114.02	45804.77
192 429.35 1995016.48 1770016.48	25974.21
195 780.66 3443319.37 3218319.37	17356.14
216 558.46 2527267.83 2302267.83	10114.51
220 697.6 3100890.58 2875890.58	10139.75
222 2112.17 8932501.00 8707501.00	636897.95
223 1370.06 5873114.90 5648114.90	76654.53
231 1564.48 6674635.20 6449635.20	237363.52
231 439.91 2038531.87 1813531.87	14057.49
233 477.81 2194800.30 1969800.30	45065.67
238 834.72 3666171.99 3441171.99	14557.83
244 1057.99 4586609.45 4361609.45	30960.33
251 650.69 2907505.68 2682505.68	12989.86
254 791.63 3488522.94 3263522.94	12807.45
271 170.83 929262.92 704262.92	55307.09
274 534.15 2427057.56 2202057.56	20039.51
281 1248.82 5373311.41 5148311.41	110989.24
282 2193.2 9266564.82 9041564.82	301486.92
299 497.56 2276216.20 2051216.20	11748.0
308 814.66 3583481.67 3358481.67	14965.91
309 687.63 3059790.71 2834790.71	12855.78
314 775.95 3423895.23 3198895.23	21046.51
330 523.88 2384732.07 2159732.07	13459.04
337 1170.45 5050217.88 4825217.88	71374.28
337 184.22 984449.10 759449.10	44952.27
351 445.96 2063488.39 1838488.39	24797.57
352 618.97 2776736.89 2551736.89	16508.34
356 527.85 2401082.60 2176082.60	19245.99
372 2918.08 12254923.68 12029923.68	1154163.18
372 665.73 2969521.87 2744521.87	9883.93
374 282.77 1390722.98 1165722.98	29638.22
377 403.16 1887036.31 1662036.31	42733.6
377 533.69 2425147.96 2200147.96	8586.06
378 838.9 3683386.56 3458386.56	19849.43
386 651.93 2912607.14 2687607.14	17838.84
388 1066.78 4622847.55 4397847.55	34869.99
390 1208.62 5207602.51 4982602.51	38140.02
395 258.53 1290799.11 1065799.11	25204.92
397 748.94 3312553.83 3087553.83	8915.5
398 410.41 1916921.36 1691921.36	17043.75
4 575.53 2597640.90 2372640.90	18303.6
401 239.69 1213152.25 988152.25	29358.88
407 331.88 1593199.59 1368199.59	11172.84
414 260.66 1299581.02 1074581.02	31892.09
421 799.94 3522770.15 3297770.15	24772.97
427 1393.9 5971396.54 5746396.54	81115.5
429 332.79 1596962.31 1371962.31	32894.42
434 586.26 2641865.93 2416865.93	18351.03
447 665.99 2970579.04 2745579.04	36694.27
45 300.39 1463366.61 1238366.61	25327.47
450 887.62 3884252.54 3659252.54	23603.88
456 721.27 3198479.22 2973479.22	24870.59
457 889.74 3892989.54 3667989.54	62778.65
463 1171.37 5054011.80 4829011.80	50059.37
466 973.17 4236929.39 4011929.39	90798.89
467 1177.84 5080709.14 4855709.14	43876.88
486 454.25 2097676.64 1872676.64	11056.68
490 815.88 3588496.11 3363496.11	20893.64
5 945.96 4124758.11 3899758.11	66816.48
502 812.85 3575999.62 3350999.62	14965.91
505 591.67 2664167.71 2439167.71	8137.68
506 43.43 404045.09 179045.09	225973.62
514 419.06 1952588.48 1727588.48	35486.9
517 1497.74 6399513.95 6174513.95	122626.81
527 1314.09 5642388.27 5417388.27	134947.0
538 856.23 3754850.24 3529850.24	39666.83
547 2305.03 9727573.37 9502573.37	639877.03
547 520.2 2369531.50 2144531.50	31950.6
552 544.98 2471719.40 2246719.40	7413.18
559 238.38 1207738.01 982738.01	23638.45
561 516.53 2354410.54 2129410.54	30245.59
563 1340.77 5752367.66 5527367.66	40464.24
569 575.8 2598756.42 2373756.42	8143.27
57 205.88 1073745.77 848745.77	29359.44
592 383.77 1807099.26 1582099.26	46289.35
595 433.41 2011744.52 1786744.52	12555.44
596 616.97 2768483.72 2543483.72	8700.12
602 592.65 2668236.06 2443236.06	11145.29
603 546.07 2476178.73 2251178.73	12624.51
610 393.12 1845656.24 1620656.24	27991.59
620 442.13 2047701.91 1822701.91	16636.26
623 962.23 4191852.69 3966852.69	43845.59
626 622.42 2790964.65 2565964.65	30868.7
627 324.88 1564318.17 1339318.17	6701.57
637 686.59 3055503.40 2830503.40	6330.29
639 1088.04 4710514.49 4485514.49	25935.57
639 142.82 813802.04 588802.04	86926.61
642 685.88 3052580.01 2827580.01	12177.78
644 1064.82 4614761.99 4389761.99	25351.58
651 512.7 2338614.33 2113614.33	16377.93
652 372.87 1762178.25 1537178.25	14586.41
656 624.17 2798161.15 2573161.15	25350.57
667 672.05 2995574.92 2770574.92	16835.91
68 2266.99 9570766.45 9345766.45	437666.65
682 282.88 1391188.83 1166188.83	30570.03
69 1223.89 5270559.91 5045559.91	197537.19
69 552.8 2503946.53 2278946.53	24953.73
690 451.45 2086119.73 1861119.73	14608.65
692 748.67 3311445.49 3086445.49	10556.46
693 649.77 2903688.80 2678688.80	15107.92
695 379.44 1789277.33 1564277.33	20828.65
698 443.34 2052679.51 1827679.51	8042.75
699 425.46 1978987.46 1753987.46	41801.69
701 905.5 3957961.60 3732961.60	37169.67
704 962.16 4191535.45 3966535.45	60723.18
723 255.16 1276921.66 1051921.66	47336.32
727 650.04 2904815.58 2679815.58	18370.71
733 3291.13 13792842.34 13567842.34	1127590.64
738 308.01 1494793.53 1269793.53	35463.26
739 498.79 2281304.78 2056304.78	8913.12
74 895.29 3915871.98 3690871.98	25321.39
740 665.58 2968902.27 2743902.27	33340.32
741 564.07 2550407.98 2325407.98	18301.18
748 405.92 1898420.82 1673420.82	25062.16
748 851.42 3735019.23 3510019.23	39666.83
749 279.76 1378332.46 1153332.46	17787.45
751 374.78 1770062.04 1545062.04	10269.27
753 587.93 2648788.80 2423788.80	26152.8
756 403.02 1886474.01 1661474.01	26690.14
758 679.48 3026167.81 2801167.81	14122.99
761 350.64 1670537.59 1445537.59	5280.84
766 155.74 867050.57 642050.57	35491.84
767 389.73 1831662.14 1606662.14	21434.18
771 397.35 1863110.46 1638110.46	33900.97
775 124.56 738519.78 513519.78	63900.39
777 88.04 587935.10 362935.10	193744.69
78 1011.19 4393690.51 4168690.51	81395.69
83 333.49 1599808.48 1374808.48	13219.39
9 767.66 3389696.18 3164696.18	26902.2
90 527.51 2399702.04 2174702.04	12079.6
90 534.73 2429440.47 2204440.47	12693.44
92 661.59 2952438.79 2727438.79	14621.13
92 801.18 3527908.50 3302908.50	24960.31
98 814.26 3581843.66 3356843.66	15860.22
102 437.89 2030205.85 1805205.85	44026.38
109 726.27 3219097.69 2994097.69	24967.83
11 262.09 1305464.42 1080464.42	15505.7
110 629.92 2821864.05 2596864.05	22060.98
118 645.89 2887712.97 2662712.97	18663.28
120 1017.21 4418497.17 4193497.17	54229.46
122 1053.24 4567016.37 4342016.37	36261.98
131 610.5 2741798.47 2516798.47	10090.22
135 688.85 3064808.79 2839808.79	9381.74
141 998.96 4343237.87 4118237.87	57152.99
142 618.68 2775532.17 2550532.17	21960.62
144 785.37 3462716.71 3237716.71	19271.94
145 447.53 2069982.13 1844982.13	25197.05
146 1029.95 4470998.67 4245998.67	17643.06
15 615.83 2763783.26 2538783.26	8220.5
151 361.99 1717327.01 1492327.01	39864.33
155 1048.84 4548887.58 4323887.58	36261.98
159 1267.66 5450990.23 5225990.23	74778.39
160 1763.8 7496349.64 7271349.64	170770.67
161 982.89 4276997.92 4051997.92	75846.72
178 3952.08 16517629.31 16292629.31	5244115.45
188 532.83 2421599.61 2196599.61	29242.24
190 414.64 1934369.88 1709369.88	13817.54
193 608.39 2733125.79 2508125.79	17347.47
205 596.31 2683325.97 2458325.97	13668.88
214 527.07 2397863.26 2172863.26	9274.1
216 683.46 3042580.41 2817580.41	12296.47
218 126.03 744575.09 519575.09	57781.2
226 505.21 2307756.71 2082756.71	21035.53
228 662.84 2957573.70 2732573.70	23899.23
228 783.03 3453081.91 3228081.91	19271.94
23 316.93 1531547.30 1306547.30	18583.97
247 752.27 3326277.63 3101277.63	27703.78
250 1168.12 5040621.60 4815621.60	52179.39
252 578.76 2610946.92 2385946.92	25700.94
252 678.27 3021181.00 2796181.00	21984.24
255 779.36 3437929.24 3212929.24	15389.84
256 639.82 2862674.52 2637674.52	40916.81
28 641.29 2868730.23 2643730.23	17464.57
283 501.82 2293769.78 2068769.78	25290.43
284 209.73 1089610.04 864610.04	16682.64
29 536.58 2437076.10 2212076.10	8088.56
291 733.47 3248748.87 3023748.87	31464.42
296 260.9 1300586.95 1075586.95	29879.99
298 647.93 2896135.76 2671135.76	16847.62
300 1732.33 7366606.91 7141606.91	100777.36
301 1637.87 6977174.12 6752174.12	140046.29
311 747.33 3305912.41 3080912.41	13681.28
318 1394.15 5972466.46 5747466.46	108038.18
319 1357.98 5823344.00 5598344.00	139241.04
327 400.44 1875837.55 1650837.55	31036.69
33 433.52 2012223.21 1787223.21	13512.93
333 293.52 1435067.23 1210067.23	8726.48
340 1333.61 5722885.31 5497885.31	58971.86
341 841.15 3692698.55 3467698.55	18626.23
343 923.44 4031924.74 3806924.74	25328.27
345 1912.32 8108620.47 7883620.47	262302.35
35 750.79 3320179.06 3095179.06	6912.8
350 216.41 1117158.12 892158.12	15130.54
357 411.34 1920762.75 1695762.75	41563.6
364 842.98 3700220.78 3475220.78	15046.29
370 3538.92 14814348.20 14589348.20	2368178.85
376 236.13 1198474.59 973474.59	18529.09
380 866.18 3795862.58 3570862.58	38904.96
384 1345.27 5770933.03 5545933.03	59444.45
386 1032.09 4479819.13 4254819.13	32728.51
391 1503.71 6424133.49 6199133.49	109751.14
392 774.92 3419643.73 3194643.73	13209.8
394 1038.63 4506815.94 4281815.94	10096.28
396 1204 5188534.81 4963534.81	13004.89
404 287.19 1408967.41 1183967.41	35561.47
409 453.03 2092635.57 1867635.57	13670.16
422 899.78 3934393.97 3709393.97	21482.34
425 750.02 3317011.04 3092011.04	8518.67
433 1114.65 4820188.59 4595188.59	97078.73
434 926.51 4044587.34 3819587.34	19996.87
436 736.16 3259861.28 3034861.28	29029.14
437 1078.06 4669364.48 4444364.48	117138.73
440 664.54 2964580.50 2739580.50	14015.3
443 807.43 3553672.52 3328672.52	32413.39
447 4110.19 17169452.20 16944452.20	4437326.63
462 415.22 1936768.30 1711768.30	18614.96
464 630.21 2823078.52 2598078.52	20331.95
469 221.89 1139742.93 914742.93	41165.83
47 707.69 3142473.14 2917473.14	11124.65
470 1809.63 7685278.00 7460278.00	87381.38
474 1715.61 7297685.64 7072685.64	224073.59
477 701.86 3118470.40 2893470.40	12690.73
48 991.23 4311374.82 4086374.82	52210.48
489 319.36 1541582.31 1316582.31	41636.83
494 781.21 3445591.31 3220591.31	19537.85
501 2149.67 9087125.52 8862125.52	327611.41
514 698.83 3105959.84 2880959.84	12536.16
518 672.32 2996669.74 2771669.74	14646.0
519 728.24 3227198.06 3002198.06	14445.11
522 971.87 4231569.52 4006569.52	51248.65
528 1113.14 4813964.60 4588964.60	101817.75
533 360.31 1710404.19 1485404.19	5453.58
544 128.03 752803.24 527803.24	63721.73
550 525.27 2390438.84 2165438.84	11414.93
565 467.87 2153819.05 1928819.05	24144.03
573 447.34 2069161.31 1844161.31	23555.22
575 475.95 2187107.10 1962107.10	49597.66
58 1302.37 5594071.70 5369071.70	193377.41
586 1061.74 4602087.74 4377087.74	30960.33
586 718.26 3186045.43 2961045.43	24870.59
588 320.07 1544491.59 1319491.59	35817.56
598 476.44 2189163.78 1964163.78	11970.9
598 888.59 3888259.08 3663259.08	31617.93
601 1220.44 5256306.80 5031306.80	65406.31
602 1049.87 4553157.54 4328157.54	34202.73
608 652.27 2913999.82 2688999.82	13720.86
618 585.12 2637168.24 2412168.24	10209.58
627 1579.11 6734936.37 6509936.37	120616.97
632 570.21 2575710.16 2350710.16	16188.04
642 451.11 2084723.38 1859723.38	15826.3
645 371.1 1754885.93 1529885.93	18216.83
646 759.56 3356322.18 3131322.18	62396.75
647 271.11 1342661.04 1117661.04	31942.09
65 597.8 2689476.27 2464476.27	15698.59
650 1081.96 4685430.22 4460430.22	85003.35
660 510.11 2327937.91 2102937.91	31879.06
662 1383.01 5926515.17 5701515.17	88641.43
670 820.6 3607953.05 3382953.05	39082.52
679 312.31 1512523.01 1287523.01	35502.98
683 307.24 1491604.94 1266604.94	41841.21
684 567.54 2564720.39 2339720.39	16513.2
686 738.15 3268059.13 3043059.13	36658.51
688 311.37 1508641.88 1283641.88	48118.98
691 593.77 2672859.57 2447859.57	12969.63
699 1351.77 5797723.23 5572723.23	99212.69
717 591.93 2665240.86 2440240.86	15239.26
722 583.88 2632064.07 2407064.07	11540.88
722 697.33 3099767.28 2874767.28	24720.04
724 242.11 1223100.92 998100.92	33568.43
727 613.73 2755115.87 2530115.87	18038.82
729 565.28 2555399.26 2330399.26	9983.77
730 599.06 2694639.86 2469639.86	16813.34
739 534.67 2429216.04 2204216.04	12244.52
742 363.18 1722219.96 1497219.96	19804.34
750 616.94 2768359.93 2543359.93	8452.51
751 920.83 4021168.52 3796168.52	29803.33
756 574.81 2594685.28 2369685.28	8807.03
757 469.93 2162311.28 1937311.28	28568.67
757 539.89 2450719.05 2225719.05	16422.61
764 485.48 2226426.40 2001426.40	41220.06
766 581.1 2620593.74 2395593.74	33417.47
770 297.32 1450704.41 1225704.41	20243.98
773 483.28 2217330.40 1992330.40	35594.23
774 1005.89 4371810.90 4146810.90	48297.42
776 167.69 916308.47 691308.47	45099.39
784 214.57 1109593.77 884593.77	23289.66
785 1045.34 4534465.87 4309465.87	28930.35
785 162.22 893761.51 668761.51	45099.39
786 994.76 4325947.68 4100947.68	43440.15
8 860.18 3771140.74 3546140.74	21841.95
93 557.43 2523044.48 2298044.48	5020.77
100 911.11 3981073.64 3756073.64	46229.69
106 2546.21 10721883.29 10496883.29	1017050.9
112 332.38 1595240.99 1370240.99	9136.09
119 1463.02 6256362.44 6031362.44	109478.74
121 299.71 1460554.14 1235554.14	18166.1
139 1224.82 5274375.41 5049375.41	101547.91
139 1749.54 7437570.70 7212570.70	141944.79
143 1290.7 5545989.32 5320989.32	126516.58
145 1810.36 7688301.31 7463301.31	192395.93
147 452.48 2090353.18 1865353.18	14648.69
153 1189.79 5129965.18 4904965.18	96645.86
155 1449.74 6201629.71 5976629.71	140449.05
156 2809.45 11807100.65 11582100.65	1153647.06
163 817.94 3597009.38 3372009.38	21890.0
164 897.35 3924375.06 3699375.06	17008.22
170 816.22 3589920.24 3364920.24	27844.61
173 1751.16 7444217.05 7219217.05	155239.11
175 1408.96 6033493.19 5808493.19	56477.35
176 260.76 1299989.87 1074989.87	31074.29
177 484.72 2223271.83 1998271.83	23709.93
185 1402.11 6005257.94 5780257.94	56477.35
186 1251.59 5384750.74 5159750.74	84181.31
195 1324.25 5684294.35 5459294.35	83822.32
199 530.77 2413139.00 2188139.00	19913.46
200 582.88 2627937.94 2402937.94	13904.4
202 790.83 3485224.24 3260224.24	19405.65
207 545.58 2474184.14 2249184.14	6657.61
221 58.47 466039.61 241039.61	124004.08
225 823.35 3619307.77 3394307.77	58782.19
232 978.26 4257907.00 4032907.00	10946.9
237 771.31 3404752.55 3179752.55	9627.29
241 378.82 1786695.66 1561695.66	23002.01
241 419.88 1955971.60 1730971.60	33175.14
243 719.17 3189824.45 2964824.45	17311.64
256 680.18 3029074.90 2804074.90	14975.36
259 597.02 2686234.21 2461234.21	14856.86
261 1015.87 4412976.48 4187976.48	57780.77
264 752.52 3327300.79 3102300.79	26908.84
270 1060.65 4597583.35 4372583.35	65820.6
273 96.62 623324.76 398324.76	122956.79
28 190.62 1010831.48 785831.48	38631.86
285 260.33 1298223.84 1073223.84	16449.9
287 1140.44 4926530.41 4701530.41	88720.82
288 266.61 1324107.65 1099107.65	47047.11
290 438.94 2034569.69 1809569.69	8128.38
30 637.63 2853667.28 2628667.28	18381.09
301 736.37 3260698.53 3035698.53	30703.85
304 1048.85 4548929.29 4323929.29	36178.55
305 870.9 3815312.70 3590312.70	38904.96
313 591.11 2661863.61 2436863.61	21994.58
316 1474.29 6302843.99 6077843.99	264589.24
323 786.91 3469064.47 3244064.47	31969.0
329 1645.14 7007165.08 6782165.08	146670.79
329 674.1 3003991.85 2778991.85	18250.2
334 806.45 3549638.10 3324638.10	31943.35
335 747.36 3306039.98 3081039.98	11755.02
338 496.14 2270342.91 2045342.91	21568.99
35 495.56 2267963.69 2042963.69	26328.01
359 556.95 2521064.90 2296064.90	8980.41
361 723.65 3208296.73 2983296.73	37807.25
370 747.53 3306707.08 3081707.08	12091.74
379 243.76 1229892.04 1004892.04	41094.32
379 4391.63 18329685.43 18104685.43	1519585.14
38 2186.77 9240078.26 9015078.26	305942.58
385 235.51 1195920.22 970920.22	23638.45
387 1490.41 6369264.57 6144264.57	109751.14
39 333.24 1598785.33 1373785.33	11172.84
397 2230.56 9420578.58 9195578.58	339375.6
408 714.49 3170519.41 2945519.41	31233.73
410 707.66 3142347.60 2917347.60	10873.54
416 1626.18 6929006.01 6704006.01	143982.78
417 263.03 1309336.04 1084336.04	22227.1
421 152.74 854665.25 629665.25	42364.77
428 5221.1 21749214.69 21524214.69	5892302.68
43 299.83 1461073.84 1236073.84	20741.37
439 403.24 1887389.82 1662389.82	42026.5
44 308.01 1494773.67 1269773.67	35502.98
442 1051.22 4558701.45 4333701.45	23113.56
455 1056.01 4578439.10 4353439.10	38293.14
460 1170.09 5048749.14 4823749.14	68436.44
461 512.15 2336369.11 2111369.11	18521.99
466 436.03 2022561.58 1797561.58	28772.11
467 1408.04 6029704.11 5804704.11	183485.79
468 602.17 2707470.05 2482470.05	24010.41
476 896.11 3919241.54 3694241.54	24140.12
479 819.27 3602488.21 3377488.21	30565.06
482 537.56 2441119.89 2216119.89	9803.05
492 726.75 3221050.74 2996050.74	10853.07
495 1345.67 5772597.33 5547597.33	62773.45
495 367.05 1738194.66 1513194.66	21389.12
498 839.42 3685556.92 3460556.92	24216.73
504 2017.41 8541874.21 8316874.21	511960.38
515 1580.96 6742560.89 6517560.89	106070.28
519 390.14 1833363.80 1608363.80	25599.56
520 901.23 3940344.14 3715344.14	29412.45
523 555.83 2516421.88 2291421.88	17432.46
534 430.67 2000472.03 1775472.03	22547.72
542 171.42 931666.47 706666.47	54602.05
543 917.22 4006268.66 3781268.66	33380.31
553 1821.5 7734234.81 7509234.81	101284.56
554 687.36 3058668.16 2833668.16	6330.29
558 395.99 1857502.56 1632502.56	36674.43
570 473.64 2177596.92 1952596.92	23136.52
573 1408.38 6031094.40 5806094.40	57365.59
574 324.41 1562398.20 1337398.20	10541.98
576 330.87 1589011.77 1364011.77	19549.49
577 878.32 3845930.27 3620930.27	39578.54
579 287.35 1409595.79 1184595.79	34741.29
580 1335 5728579.32 5503579.32	47582.45
582 572.97 2587098.46 2362098.46	24770.48
583 2002.93 8482165.07 8257165.07	641520.02
587 322.25 1553503.48 1328503.48	19453.6
590 608.89 2735184.39 2510184.39	25022.89
591 722.24 3202459.67 2977459.67	16331.24
60 1039.77 4511499.21 4286499.21	19463.96
607 598.01 2690317.29 2465317.29	17055.09
612 463.18 2134480.10 1909480.10	18994.96
615 854.82 3749045.32 3524045.32	28643.88
622 485.09 2224804.58 1999804.58	20644.06
626 283.18 1392426.24 1167426.24	50442.68
628 1245.62 5360105.40 5135105.40	49296.65
629 553.71 2507706.71 2282706.71	21667.05
633 936.84 4087147.89 3862147.89	58847.4
64 750.92 3320711.94 3095711.94	7402.7
648 374.18 1767579.33 1542579.33	12121.73
649 605.96 2723097.27 2498097.27	25057.42
651 570.65 2577538.99 2352538.99	16656.72
660 460.88 2124983.77 1899983.77	24970.98
663 925.42 4040070.75 3815070.75	73960.13
664 487.52 2234814.17 2009814.17	43262.28
675 374.36 1768310.17 1543310.17	19982.84
676 1162.77 5018574.51 4793574.51	60356.58
678 904.94 3955664.96 3730664.96	35687.87
680 387.23 1821382.30 1596382.30	29811.1
681 498.75 2281126.10 2056126.10	21568.99
691 186.16 992444.63 767444.63	71071.66
7 502.76 2297638.66 2072638.66	32661.74
711 208.9 1086199.87 861199.87	24911.22
716 450.64 2082766.62 1857766.62	36031.49
721 909.04 3972577.94 3747577.94	61041.87
732 622.68 2792028.20 2567028.20	29744.33
734 697.64 3101061.38 2876061.38	9798.11
738 822.97 3617744.65 3392744.65	55655.57
743 390.85 1836286.04 1611286.04	29811.1
744 748.28 3309803.37 3084803.37	11390.12
754 473.4 2176593.88 1951593.88	29134.38
755 557.23 2522211.19 2297211.19	11580.02
768 767.4 3388621.95 3163621.95	26175.89
782 101.23 642336.84 417336.84	105371.42
80 760.31 3359404.21 3134404.21	20744.7
82 208.77 1085666.76 860666.76	23844.87
95 503.61 2301168.99 2076168.99	39723.25
95 599.26 2695466.30 2470466.30	15235.59
96 713.37 3165906.93 2940906.93	40459.81
96 716.03 3176855.30 2951855.30	23626.6
107 779.29 3437675.97 3212675.97	25603.74
113 539.51 2449160.24 2224160.24	16082.65
123 687.92 3060962.46 2835962.46	10919.45
128 1264.71 5438827.43 5213827.43	76677.84
128 770.92 3403145.65 3178145.65	12841.48
130 3708.46 15513303.11 15288303.11	1398079.36
130 881.95 3860863.10 3635863.10	64260.67
14 520.58 2371113.82 2146113.82	15396.01
142 2778.12 11677912.07 11452912.07	1154163.18
159 591.3 2662664.09 2437664.09	11145.29
163 335.19 1606852.47 1381852.47	26554.5
168 1779.4 7560669.96 7335669.96	232934.06
184 718.28 3186134.38 2961134.38	24692.67
187 1022.88 4441863.36 4216863.36	96357.39
199 520.34 2370117.25 2145117.25	13402.63
200 725.46 3215751.74 2990751.74	21452.36
201 694.1 3086458.88 2861458.88	14584.05
204 293.27 1434018.10 1209018.10	14109.25
211 525.06 2389564.61 2164564.61	8197.71
213 1360.78 5834887.78 5609887.78	124596.01
217 1753.38 7453392.93 7228392.93	87378.76
218 1833.81 7784961.33 7559961.33	193343.49
219 887.85 3885199.33 3660199.33	25497.69
223 109.85 677878.21 452878.21	55741.58
229 799.28 3520063.40 3295063.40	27213.22
230 903.52 3949819.40 3724819.40	30854.6
234 706.58 3137910.45 2912910.45	9126.49
235 1578.15 6730977.54 6505977.54	405771.28
238 674.12 3004070.01 2779070.01	34226.13
242 1338.06 5741214.41 5516214.41	45804.77
246 430.38 1999247.74 1774247.74	40525.48
253 1464.6 6262893.38 6037893.38	122542.2
257 1055.25 4575328.43 4350328.43	28321.64
259 544.77 2470855.74 2245855.74	9140.71
26 754.86 3336929.28 3111929.28	19259.32
26 940.88 4103822.53 3878822.53	57025.88
266 952.39 4151264.30 3926264.30	33321.26
276 834.91 3666970.78 3441970.78	12960.06
297 898.36 3928531.14 3703531.14	23628.87
3 539.76 2450195.30 2225195.30	17470.24
30 748.91 3312427.42 3087427.42	16638.85
306 540.1 2451605.34 2226605.34	9904.62
312 653.93 2920859.42 2695859.42	16331.2
319 872.75 3822934.20 3597934.20	9738.75
320 1890.45 8018482.80 7793482.80	287976.83
320 355.72 1691455.22 1466455.22	15358.85
324 706.34 3136911.49 2911911.49	11124.65
330 1321.46 5672764.85 5447764.85	130572.92
336 1054.65 4572859.28 4347859.28	33260.54
339 698.97 3106526.17 2881526.17	15097.11
34 584.56 2634889.30 2409889.30	10317.95
349 729.65 3233018.57 3008018.57	13085.49
353 559.65 2532172.16 2307172.16	18257.58
365 1257.55 5409321.89 5184321.89	60350.22
365 4423.55 18461294.93 18236294.93	1782836.06
367 595.49 2679934.73 2454934.73	19085.39
369 778.56 3434642.35 3209642.35	19535.77
375 3838.57 16049670.56 15824670.56	2470944.37
382 574.17 2592028.00 2367028.00	14910.2
383 1178.07 5081648.11 4856648.11	41998.71
385 4478.81 18689086.97 18464086.97	2238475.4
389 377.01 1779225.24 1554225.24	13578.55
399 2982.93 12522282.23 12297282.23	1430536.64
406 357.16 1697397.26 1472397.26	24181.68
408 558.04 2525554.56 2300554.56	8980.41
41 489.81 2244264.07 2019264.07	38923.7
415 351.51 1674127.24 1449127.24	6821.74
418 132.05 769388.64 544388.64	92653.27
419 700.33 3112125.80 2887125.80	11864.62
422 652.47 2914846.14 2689846.14	14682.7
43 547.2 2480873.45 2255873.45	14198.1
431 727.45 3223964.11 2998964.11	10399.85
438 690.86 3073120.44 2848120.44	28908.06
44 54.64 450267.31 225267.31	346156.88
451 844.76 3707571.63 3482571.63	20684.95
453 4777.22 19919326.54 19694326.54	5500415.71
455 655.91 2929024.03 2704024.03	20676.61
456 1109.53 4799089.13 4574089.13	28195.26
458 427.39 1986925.84 1761925.84	30908.15
462 900.61 3937823.19 3712823.19	28257.04
491 2291.72 9672701.04 9447701.04	714054.67
491 279.17 1375905.67 1150905.67	12933.28
497 638.5 2857260.07 2632260.07	11478.07
503 652.62 2915442.26 2690442.26	15875.09
513 291.21 1425543.25 1200543.25	16951.76
517 267.24 1326691.93 1101691.93	29140.25
520 1166.88 5035535.09 4810535.09	36957.91
527 449.68 2078816.29 1853816.29	19312.3
528 415.98 1939909.56 1714909.56	24898.24
529 793.36 3495657.15 3270657.15	14270.15
532 342.47 1636840.95 1411840.95	21567.47
537 874.94 3831987.26 3606987.26	42469.19
54 1188.93 5126408.51 4901408.51	152399.74
542 348.89 1663303.27 1438303.27	14828.82
551 255.47 1278198.18 1053198.18	16294.17
552 274.92 1358357.83 1133357.83	48035.92
555 677.14 3016556.68 2791556.68	25132.7
556 815.62 3587422.88 3362422.88	22849.29
558 163.2 897798.83 672798.83	21005.99
566 324.61 1563229.10 1338229.10	8879.98
572 831.25 3651881.63 3426881.63	24620.37
578 683.76 3043836.81 2818836.81	17488.52
587 585.81 2640047.65 2415047.65	15969.09
591 346.3 1652658.06 1427658.06	62244.89
593 188.41 1001728.85 776728.85	42413.8
597 838.3 3680932.48 3455932.48	27926.79
6 1343.51 5763700.52 5538700.52	119301.43
600 947.46 4130960.51 3905960.51	16193.19
605 513.23 2340811.87 2115811.87	14867.06
605 680.33 3029711.24 2804711.24	15912.71
612 555.67 2515793.73 2290793.73	16176.0
619 977.02 4252824.31 4027824.31	21113.52
620 775.72 3422960.73 3197960.73	6735.97
631 404.21 1891354.01 1666354.01	31036.69
632 419.89 1956008.12 1731008.12	33102.09
634 297.6 1451877.25 1226877.25	18395.41
638 458.86 2116674.81 1891674.81	26874.98
653 978.71 4259770.16 4034770.16	13893.39
654 299.6 1460121.79 1235121.79	19030.91
655 1029.92 4470873.82 4245873.82	17892.79
656 496.81 2273118.23 2048118.23	17413.09
658 714.69 3171327.31 2946327.31	17447.89
659 785.58 3463593.83 3238593.83	40553.84
663 195.91 1032657.09 807657.09	52827.89
67 359.65 1707677.73 1482677.73	8932.76
675 680.93 3032171.79 2807171.79	10210.84
678 836.49 3673463.05 3448463.05	19456.56
679 283.77 1394838.62 1169838.62	49417.58
68 871.56 3818065.42 3593065.42	16157.92
685 526.05 2393662.97 2168662.97	8401.6
686 294.36 1438531.77 1213531.77	7380.91
696 540.03 2451299.63 2226299.63	15261.31
7 1085.78 4701192.14 4476192.14	18646.96
700 776.03 3424219.28 3199219.28	9253.38
701 1161.79 5014535.07 4789535.07	68436.44
703 1925.38 8162453.75 7937453.75	369981.97
712 690.23 3070488.60 2845488.60	23643.75
713 961.89 4190445.94 3965445.94	62902.47
728 431.89 2005467.56 1780467.56	13512.93
731 778.62 3434885.48 3209885.48	17566.97
734 295.76 1444276.22 1219276.22	19849.81
736 3851.39 16102546.80 15877546.80	2576709.67
745 661.39 2951598.39 2726598.39	12940.13
752 263.7 1312106.39 1087106.39	24005.43
752 804.21 3540387.14 3315387.14	43246.52
753 499.78 2285351.03 2060351.03	16988.9
760 262.33 1306447.79 1081447.79	17472.68
760 469.86 2162028.46 1937028.46	29134.38
763 366.78 1737079.29 1512079.29	41619.77
77 535.39 2432154.84 2207154.84	18122.84
772 729.3 3231580.09 3006580.09	8765.12
774 111.53 684795.70 459795.70	43560.8
778 111.53 684795.70 459795.70	43560.8
781 947.8 4132332.01 3907332.01	81966.12
789 116.81 706573.46 481573.46	43560.8
79 781.22 3445623.23 3220623.23	21964.42
85 353.76 1683393.22 1458393.22	16125.96
86 741.3 3281044.18 3056044.18	49742.49
9 1199.94 5171803.29 4946803.29	103035.57
100 689.99 3069499.09 2844499.09	19339.64
101 455.59 2103204.31 1878204.31	15656.86
102 533.65 2425001.56 2200001.56	24152.01
103 1384.06 5930843.71 5705843.71	116695.71
107 319.58 1542479.44 1317479.44	19564.35
109 1807.3 7675695.26 7450695.26	85778.2
115 496.33 2271136.35 2046136.35	19981.92
117 266.44 1323414.56 1098414.56	45660.76
118 1796.9 7632811.36 7407811.36	106206.62
124 771.71 3406417.81 3181417.81	6545.11
129 1637.64 6976256.57 6751256.57	94512.58
13 411.9 1923096.75 1698096.75	36895.04
134 671.88 2994867.86 2769867.86	18250.2
138 234.05 1189894.19 964894.19	35691.97
144 1712.63 7285404.44 7060404.44	162424.64
153 442.95 2051091.11 1826091.11	24797.57
156 1262.28 5428799.30 5203799.30	56619.15
166 103.09 650010.80 425010.80	72532.12
171 410.15 1915844.32 1690844.32	14889.41
172 1137.86 4915888.39 4690888.39	95261.61
176 851.45 3735142.83 3510142.83	25076.14
178 602.92 2710570.08 2485570.08	24211.7
180 3572.08 14951057.94 14726057.94	4868097.57
2 682.17 3037276.59 2812276.59	10608.93
208 1043.14 4525402.42 4300402.42	26769.35
209 775.56 3422287.03 3197287.03	5388.41
21 338.12 1618904.38 1393904.38	17080.83
210 524.72 2388199.44 2163199.44	10928.39
215 1419.47 6076816.90 5851816.90	91456.09
220 119.03 715687.99 490687.99	74239.5
232 701.95 3118827.65 2893827.65	13405.32
242 844.77 3707611.29 3482611.29	29829.1
243 1325.82 5690748.68 5465748.68	114762.36
244 565.36 2555727.41 2330727.41	10640.15
25 532.84 2421661.97 2196661.97	13400.36
254 989.39 4303791.91 4078791.91	44316.91
255 873.32 3825320.72 3600320.72	14512.36
262 704.16 3127928.44 2902928.44	20288.46
269 309.44 1500661.42 1275661.42	62058.19
271 432.86 2009471.37 1784471.37	26183.59
275 2365.96 9978767.63 9753767.63	1123091.46
278 662.14 2954714.41 2729714.41	29618.51
286 860.51 3772472.62 3547472.62	19177.86
288 592.52 2667686.56 2442686.56	10046.16
289 188.17 1000726.00 775726.00	42129.97
291 2196.45 9279961.43 9054961.43	274690.45
293 584.03 2632691.53 2407691.53	18351.03
294 1655.72 7050773.55 6825773.55	147216.71
294 206.32 1075561.97 850561.97	32992.28
295 533.19 2423094.52 2198094.52	12244.52
308 1129.68 4882175.38 4657175.38	67434.2
315 1062.55 4605414.67 4380414.67	31858.14
326 211.41 1096551.22 871551.22	45616.43
352 521.46 2374739.21 2149739.21	12459.25
354 165.75 908300.55 683300.55	40224.6
356 408.96 1910950.38 1685950.38	11943.41
360 1372.26 5882199.83 5657199.83	111558.55
366 5156.17 21481550.58 21256550.58	5356909.53
368 2559.52 10776718.62 10551718.62	907366.93
371 1076.41 4662554.03 4437554.03	77285.59
374 2951.18 12391382.78 12166382.78	1427114.48
387 181.17 971880.96 746880.96	37178.47
390 2215.78 9359665.37 9134665.37	735905.25
393 160.87 888190.69 663190.69	35229.49
4 359.56 1707282.85 1482282.85	9722.61
400 135.76 784660.24 559660.24	62216.4
411 1196.12 5156049.05 4931049.05	64979.4
412 294.86 1440583.65 1215583.65	18879.19
413 979.58 4263379.79 4038379.79	12379.6
414 391.49 1838949.52 1613949.52	29340.6
415 910.01 3976544.18 3751544.18	37169.67
423 872.09 3820213.46 3595213.46	11861.31
429 4506.54 18803420.63 18578420.63	2467170.45
435 463.87 2137324.05 1912324.05	31447.61
441 1128.73 4878247.36 4653247.36	34861.79
444 682.26 3037666.63 2812666.63	12928.98
444 720.26 3194295.04 2969295.04	15006.56
445 654.63 2923730.92 2698730.92	24282.93
452 1142.21 4933794.86 4708794.86	111108.48
458 1154.76 4985554.68 4760554.68	86871.48
46 1065.62 4618047.40 4393047.40	31923.2
464 712.76 3163397.13 2938397.13	26919.61
472 216.94 1119356.37 894356.37	19527.57
478 746.9 3304109.00 3079109.00	11390.12
479 628.77 2817125.04 2592125.04	12581.81
48 582.22 2625242.58 2400242.58	15912.97
499 2229.76 9417290.00 9192290.00	332797.64
50 857.28 3759171.18 3534171.18	23942.02
501 1339.74 5748122.90 5523122.90	99212.69
51 487.56 2234992.88 2009992.88	20379.07
512 487.59 2235125.36 2010125.36	20644.06
52 342.58 1637311.35 1412311.35	22020.73
524 1244.19 5354217.37 5129217.37	61074.14
526 1796.91 7632826.91 7407826.91	210514.42
529 211.75 1097950.35 872950.35	23289.66
535 492.92 2257087.34 2032087.34	20109.26
536 196.05 1033239.14 808239.14	105594.77
54 371.83 1757886.65 1532886.65	12214.66
545 477.29 2192669.23 1967669.23	10202.15
548 1250.98 5382208.59 5157208.59	89266.22
548 945.92 4124597.50 3899597.50	66495.22
549 884.33 3870687.04 3645687.04	29028.1
55 1265.84 5443475.28 5218475.28	85974.67
560 659.82 2945129.11 2720129.11	14030.02
564 597.41 2687849.43 2462849.43	15831.32
577 536.62 2437253.00 2212253.00	7734.72
58 868.43 3805147.23 3580147.23	40351.87
588 925.84 4041815.72 3816815.72	20832.61
594 928.37 4052230.76 3827230.76	10995.33
595 981.11 4269674.61 4044674.61	19811.3
606 308.6 1497226.93 1272226.93	30595.87
606 580.29 2617287.06 2392287.06	20993.48
610 347.39 1657134.08 1432134.08	19023.71
615 958.09 4174782.61 3949782.61	84911.49
617 836.49 3673450.02 3448450.02	14966.73
619 525.1 2389747.78 2164747.78	7831.33
625 274.7 1357455.77 1132455.77	29593.05
636 897.19 3923696.38 3698696.38	21397.77
643 827.29 3635533.56 3410533.56	16085.19
648 629.01 2818133.65 2593133.65	14599.27
650 837.13 3676126.40 3451126.40	15970.93
652 364.81 1728960.62 1503960.62	13482.95
66 572.67 2585866.34 2360866.34	17640.02
661 421.13 1961139.85 1736139.85	35699.55
665 689.53 3067620.04 2842620.04	11369.82
667 589.12 2653655.72 2428655.72	17580.26
668 873.52 3826143.40 3601143.40	16157.92
669 299.69 1460479.87 1235479.87	18314.66
67 743.22 3288968.47 3063968.47	19347.48
671 1017.82 4421003.57 4196003.57	44356.54
673 594.26 2674881.22 2449881.22	17013.42
677 730.81 3237805.71 3012805.71	18205.49
682 430.53 1999885.77 1774885.77	41801.69
689 207.54 1080573.30 855573.30	20792.09
695 264.53 1315525.13 1090525.13	29879.99
698 882.72 3864042.91 3639042.91	64119.08
70 1037.27 4501206.53 4276206.53	37593.26
702 767.71 3389915.74 3164915.74	23588.0
706 488.64 2239431.20 2014431.20	34027.1
710 751.99 3325127.59 3100127.59	9898.26
712 238.04 1206318.74 981318.74	20799.57
713 678.37 3021609.95 2796609.95	19188.27
714 774.79 3419091.98 3194091.98	7738.43
717 412.96 1927461.95 1702461.95	21083.73
718 265.29 1318653.40 1093653.40	24414.18
72 370.98 1754378.84 1529378.84	19231.13
725 658.42 2939361.08 2714361.08	30710.38
726 527.28 2398736.97 2173736.97	14554.16
729 375.36 1772436.79 1547436.79	9716.1
736 542.43 2461205.00 2236205.00	19303.82
758 460.26 2122432.81 1897432.81	15357.58
759 408.79 1910272.40 1685272.40	25651.81
759 609.49 2737652.53 2512652.53	11364.0
762 193.55 1022933.18 797933.18	42413.8
765 610.87 2743333.84 2518333.84	11364.0
772 586.98 2644866.66 2419866.66	16971.52
779 480.07 2204105.31 1979105.31	29886.69
78 2387.64 10068159.30 9843159.30	994906.35
784 63.83 488125.14 263125.14	270432.03
81 1212.43 5223314.83 4998314.83	103035.57
82 768.69 3393969.12 3168969.12	18141.52
84 989.21 4303062.01 4078062.01	66782.9
89 1804.15 7662702.69 7437702.69	150755.62
